[2024-03-20T17:16:41.923+0000] {manager.py:469} INFO - Processing files using up to 1 processes at a time 
[2024-03-20T17:16:41.925+0000] {manager.py:470} INFO - Process each file at most once every 30 seconds
[2024-03-20T17:16:41.928+0000] {manager.py:471} INFO - Checking for new files in /opt/airflow/dags every 300 seconds
[2024-03-20T17:16:41.931+0000] {manager.py:738} INFO - Searching for files in /opt/airflow/dags
[2024-03-20T17:16:41.936+0000] {manager.py:741} INFO - There are 0 files in /opt/airflow/dags
[2024-03-20T17:21:41.970+0000] {manager.py:738} INFO - Searching for files in /opt/airflow/dags
[2024-03-20T17:21:42.027+0000] {manager.py:741} INFO - There are 0 files in /opt/airflow/dags
[2024-03-20T17:26:42.089+0000] {manager.py:738} INFO - Searching for files in /opt/airflow/dags
[2024-03-20T17:26:42.110+0000] {manager.py:741} INFO - There are 0 files in /opt/airflow/dags
[2024-03-20T17:31:42.388+0000] {manager.py:738} INFO - Searching for files in /opt/airflow/dags
[2024-03-20T17:31:42.400+0000] {manager.py:741} INFO - There are 1 files in /opt/airflow/dags
[2024-03-20T17:31:47.360+0000] {manager.py:879} INFO - 
================================================================================
DAG File Processing Stats

File Path                         PID    Runtime      # DAGs    # Errors  Last Runtime    Last Run
--------------------------------  -----  ---------  --------  ----------  --------------  -------------------
/opt/airflow/dags/welcome-dag.py                           0           1  0.53s           2024-03-20T17:31:43
================================================================================
[2024-03-20T17:32:17.550+0000] {manager.py:879} INFO - 
================================================================================
DAG File Processing Stats

File Path                         PID    Runtime      # DAGs    # Errors  Last Runtime    Last Run
--------------------------------  -----  ---------  --------  ----------  --------------  -------------------
/opt/airflow/dags/welcome-dag.py                           0           1  0.11s           2024-03-20T17:32:13
================================================================================
[2024-03-20T17:32:47.594+0000] {manager.py:879} INFO - 
================================================================================
DAG File Processing Stats

File Path                         PID    Runtime      # DAGs    # Errors  Last Runtime    Last Run
--------------------------------  -----  ---------  --------  ----------  --------------  -------------------
/opt/airflow/dags/welcome-dag.py                           0           1  0.11s           2024-03-20T17:32:44
================================================================================
[2024-03-20T17:33:17.875+0000] {manager.py:879} INFO - 
================================================================================
DAG File Processing Stats

File Path                         PID    Runtime      # DAGs    # Errors  Last Runtime    Last Run
--------------------------------  -----  ---------  --------  ----------  --------------  -------------------
/opt/airflow/dags/welcome-dag.py                           0           1  0.10s           2024-03-20T17:32:57
================================================================================
[2024-03-20T17:33:48.048+0000] {manager.py:879} INFO - 
================================================================================
DAG File Processing Stats

File Path                         PID    Runtime      # DAGs    # Errors  Last Runtime    Last Run
--------------------------------  -----  ---------  --------  ----------  --------------  -------------------
/opt/airflow/dags/welcome-dag.py                           0           1  0.10s           2024-03-20T17:33:28
================================================================================
[2024-03-20T17:34:18.236+0000] {manager.py:879} INFO - 
================================================================================
DAG File Processing Stats

File Path                         PID    Runtime      # DAGs    # Errors  Last Runtime    Last Run
--------------------------------  -----  ---------  --------  ----------  --------------  -------------------
/opt/airflow/dags/welcome-dag.py                           0           1  0.11s           2024-03-20T17:33:59
================================================================================
[2024-03-20T17:34:48.385+0000] {manager.py:879} INFO - 
================================================================================
DAG File Processing Stats

File Path                         PID    Runtime      # DAGs    # Errors  Last Runtime    Last Run
--------------------------------  -----  ---------  --------  ----------  --------------  -------------------
/opt/airflow/dags/welcome-dag.py                           0           1  0.10s           2024-03-20T17:34:30
================================================================================
[2024-03-20T17:35:18.539+0000] {manager.py:879} INFO - 
================================================================================
DAG File Processing Stats

File Path                         PID    Runtime      # DAGs    # Errors  Last Runtime    Last Run
--------------------------------  -----  ---------  --------  ----------  --------------  -------------------
/opt/airflow/dags/welcome-dag.py                           1           0  0.20s           2024-03-20T17:35:15
================================================================================
[2024-03-20T17:35:48.867+0000] {manager.py:879} INFO - 
================================================================================
DAG File Processing Stats

File Path                         PID    Runtime      # DAGs    # Errors  Last Runtime    Last Run
--------------------------------  -----  ---------  --------  ----------  --------------  -------------------
/opt/airflow/dags/welcome-dag.py                           1           0  0.31s           2024-03-20T17:35:26
================================================================================
[2024-03-20T17:36:22.622+0000] {manager.py:879} INFO - 
================================================================================
DAG File Processing Stats

File Path                         PID    Runtime      # DAGs    # Errors  Last Runtime    Last Run
--------------------------------  -----  ---------  --------  ----------  --------------  -------------------
/opt/airflow/dags/welcome-dag.py                           1           0  0.21s           2024-03-20T17:35:57
================================================================================
[2024-03-20T17:36:42.765+0000] {manager.py:738} INFO - Searching for files in /opt/airflow/dags
[2024-03-20T17:36:42.778+0000] {manager.py:741} INFO - There are 1 files in /opt/airflow/dags
[2024-03-20T17:36:52.781+0000] {manager.py:879} INFO - 
================================================================================
DAG File Processing Stats

File Path                         PID    Runtime      # DAGs    # Errors  Last Runtime    Last Run
--------------------------------  -----  ---------  --------  ----------  --------------  -------------------
/opt/airflow/dags/welcome-dag.py                           0           1  0.21s           2024-03-20T17:36:52
================================================================================
[2024-03-20T17:37:23.219+0000] {manager.py:879} INFO - 
================================================================================
DAG File Processing Stats

File Path                         PID    Runtime      # DAGs    # Errors  Last Runtime    Last Run
--------------------------------  -----  ---------  --------  ----------  --------------  -------------------
/opt/airflow/dags/welcome-dag.py                           0           1  0.11s           2024-03-20T17:36:54
================================================================================
[2024-03-20T17:37:53.387+0000] {manager.py:879} INFO - 
================================================================================
DAG File Processing Stats

File Path                         PID    Runtime      # DAGs    # Errors  Last Runtime    Last Run
--------------------------------  -----  ---------  --------  ----------  --------------  -------------------
/opt/airflow/dags/welcome-dag.py                           0           1  0.12s           2024-03-20T17:37:46
================================================================================
[2024-03-20T17:38:23.560+0000] {manager.py:879} INFO - 
================================================================================
DAG File Processing Stats

File Path                         PID    Runtime      # DAGs    # Errors  Last Runtime    Last Run
--------------------------------  -----  ---------  --------  ----------  --------------  -------------------
/opt/airflow/dags/welcome-dag.py                           0           1  0.10s           2024-03-20T17:38:16
================================================================================
[2024-03-20T17:38:53.714+0000] {manager.py:879} INFO - 
================================================================================
DAG File Processing Stats

File Path                         PID    Runtime      # DAGs    # Errors  Last Runtime    Last Run
--------------------------------  -----  ---------  --------  ----------  --------------  -------------------
/opt/airflow/dags/welcome-dag.py                           0           1  0.10s           2024-03-20T17:38:47
================================================================================
[2024-03-20T17:39:23.878+0000] {manager.py:879} INFO - 
================================================================================
DAG File Processing Stats

File Path                         PID    Runtime      # DAGs    # Errors  Last Runtime    Last Run
--------------------------------  -----  ---------  --------  ----------  --------------  -------------------
/opt/airflow/dags/welcome-dag.py                           0           1  0.11s           2024-03-20T17:39:18
================================================================================
[2024-03-20T17:39:54.100+0000] {manager.py:879} INFO - 
================================================================================
DAG File Processing Stats

File Path                         PID    Runtime      # DAGs    # Errors  Last Runtime    Last Run
--------------------------------  -----  ---------  --------  ----------  --------------  -------------------
/opt/airflow/dags/welcome-dag.py                           0           1  0.93s           2024-03-20T17:39:49
================================================================================
[2024-03-20T17:40:24.249+0000] {manager.py:879} INFO - 
================================================================================
DAG File Processing Stats

File Path                         PID    Runtime      # DAGs    # Errors  Last Runtime    Last Run
--------------------------------  -----  ---------  --------  ----------  --------------  -------------------
/opt/airflow/dags/welcome-dag.py                           0           1  0.11s           2024-03-20T17:40:19
================================================================================
[2024-03-20T17:40:54.348+0000] {manager.py:879} INFO - 
================================================================================
DAG File Processing Stats

File Path                         PID    Runtime      # DAGs    # Errors  Last Runtime    Last Run
--------------------------------  -----  ---------  --------  ----------  --------------  -------------------
/opt/airflow/dags/welcome-dag.py                           0           1  0.11s           2024-03-20T17:40:50
================================================================================
[2024-03-20T17:41:24.584+0000] {manager.py:879} INFO - 
================================================================================
DAG File Processing Stats

File Path                         PID    Runtime      # DAGs    # Errors  Last Runtime    Last Run
--------------------------------  -----  ---------  --------  ----------  --------------  -------------------
/opt/airflow/dags/welcome-dag.py                           0           1  0.11s           2024-03-20T17:41:20
================================================================================
[2024-03-20T17:41:43.238+0000] {manager.py:738} INFO - Searching for files in /opt/airflow/dags
[2024-03-20T17:41:43.254+0000] {manager.py:741} INFO - There are 1 files in /opt/airflow/dags
[2024-03-20T17:41:54.760+0000] {manager.py:879} INFO - 
================================================================================
DAG File Processing Stats

File Path                         PID    Runtime      # DAGs    # Errors  Last Runtime    Last Run
--------------------------------  -----  ---------  --------  ----------  --------------  -------------------
/opt/airflow/dags/welcome-dag.py                           0           1  0.11s           2024-03-20T17:41:51
================================================================================
[2024-03-20T17:42:24.912+0000] {manager.py:879} INFO - 
================================================================================
DAG File Processing Stats

File Path                         PID    Runtime      # DAGs    # Errors  Last Runtime    Last Run
--------------------------------  -----  ---------  --------  ----------  --------------  -------------------
/opt/airflow/dags/welcome-dag.py                           0           1  0.11s           2024-03-20T17:42:21
================================================================================
[2024-03-20T17:42:55.080+0000] {manager.py:879} INFO - 
================================================================================
DAG File Processing Stats

File Path                         PID    Runtime      # DAGs    # Errors  Last Runtime    Last Run
--------------------------------  -----  ---------  --------  ----------  --------------  -------------------
/opt/airflow/dags/welcome-dag.py                           0           1  0.11s           2024-03-20T17:42:51
================================================================================
[2024-03-20T17:43:25.246+0000] {manager.py:879} INFO - 
================================================================================
DAG File Processing Stats

File Path                         PID    Runtime      # DAGs    # Errors  Last Runtime    Last Run
--------------------------------  -----  ---------  --------  ----------  --------------  -------------------
/opt/airflow/dags/welcome-dag.py                           0           1  0.11s           2024-03-20T17:43:22
================================================================================
[2024-03-20T17:43:55.400+0000] {manager.py:879} INFO - 
================================================================================
DAG File Processing Stats

File Path                         PID    Runtime      # DAGs    # Errors  Last Runtime    Last Run
--------------------------------  -----  ---------  --------  ----------  --------------  -------------------
/opt/airflow/dags/welcome-dag.py                           0           1  0.11s           2024-03-20T17:43:52
================================================================================
[2024-03-20T17:44:25.561+0000] {manager.py:879} INFO - 
================================================================================
DAG File Processing Stats

File Path                         PID    Runtime      # DAGs    # Errors  Last Runtime    Last Run
--------------------------------  -----  ---------  --------  ----------  --------------  -------------------
/opt/airflow/dags/welcome-dag.py                           0           1  0.10s           2024-03-20T17:44:22
================================================================================
[2024-03-20T17:44:55.707+0000] {manager.py:879} INFO - 
================================================================================
DAG File Processing Stats

File Path                         PID    Runtime      # DAGs    # Errors  Last Runtime    Last Run
--------------------------------  -----  ---------  --------  ----------  --------------  -------------------
/opt/airflow/dags/welcome-dag.py                           0           1  0.11s           2024-03-20T17:44:53
================================================================================
[2024-03-20T17:45:25.759+0000] {manager.py:879} INFO - 
================================================================================
DAG File Processing Stats

File Path                         PID    Runtime      # DAGs    # Errors  Last Runtime    Last Run
--------------------------------  -----  ---------  --------  ----------  --------------  -------------------
/opt/airflow/dags/welcome-dag.py                           0           1  0.09s           2024-03-20T17:45:23
================================================================================
[2024-03-20T17:45:55.984+0000] {manager.py:879} INFO - 
================================================================================
DAG File Processing Stats

File Path                         PID    Runtime      # DAGs    # Errors  Last Runtime    Last Run
--------------------------------  -----  ---------  --------  ----------  --------------  -------------------
/opt/airflow/dags/welcome-dag.py                           0           1  0.10s           2024-03-20T17:45:53
================================================================================
[2024-03-20T17:46:26.133+0000] {manager.py:879} INFO - 
================================================================================
DAG File Processing Stats

File Path                         PID    Runtime      # DAGs    # Errors  Last Runtime    Last Run
--------------------------------  -----  ---------  --------  ----------  --------------  -------------------
/opt/airflow/dags/welcome-dag.py                           0           1  0.10s           2024-03-20T17:46:24
================================================================================
[2024-03-20T17:46:43.374+0000] {manager.py:738} INFO - Searching for files in /opt/airflow/dags
[2024-03-20T17:46:43.386+0000] {manager.py:741} INFO - There are 1 files in /opt/airflow/dags
[2024-03-20T17:46:56.289+0000] {manager.py:879} INFO - 
================================================================================
DAG File Processing Stats

File Path                         PID    Runtime      # DAGs    # Errors  Last Runtime    Last Run
--------------------------------  -----  ---------  --------  ----------  --------------  -------------------
/opt/airflow/dags/welcome-dag.py                           0           1  0.10s           2024-03-20T17:46:49
================================================================================
[2024-03-20T17:47:26.494+0000] {manager.py:879} INFO - 
================================================================================
DAG File Processing Stats

File Path                         PID    Runtime      # DAGs    # Errors  Last Runtime    Last Run
--------------------------------  -----  ---------  --------  ----------  --------------  -------------------
/opt/airflow/dags/welcome-dag.py                           0           1  0.10s           2024-03-20T17:47:05
================================================================================
[2024-03-20T17:47:56.794+0000] {manager.py:879} INFO - 
================================================================================
DAG File Processing Stats

File Path                         PID    Runtime      # DAGs    # Errors  Last Runtime    Last Run
--------------------------------  -----  ---------  --------  ----------  --------------  -------------------
/opt/airflow/dags/welcome-dag.py                           0           1  0.23s           2024-03-20T17:47:36
================================================================================
[2024-03-20T17:48:26.968+0000] {manager.py:879} INFO - 
================================================================================
DAG File Processing Stats

File Path                         PID    Runtime      # DAGs    # Errors  Last Runtime    Last Run
--------------------------------  -----  ---------  --------  ----------  --------------  -------------------
/opt/airflow/dags/welcome-dag.py                           0           1  0.21s           2024-03-20T17:48:06
================================================================================
[2024-03-20T17:48:57.143+0000] {manager.py:879} INFO - 
================================================================================
DAG File Processing Stats

File Path                         PID    Runtime      # DAGs    # Errors  Last Runtime    Last Run
--------------------------------  -----  ---------  --------  ----------  --------------  -------------------
/opt/airflow/dags/welcome-dag.py                           0           1  0.10s           2024-03-20T17:48:36
================================================================================
[2024-03-20T17:49:27.363+0000] {manager.py:879} INFO - 
================================================================================
DAG File Processing Stats

File Path                         PID    Runtime      # DAGs    # Errors  Last Runtime    Last Run
--------------------------------  -----  ---------  --------  ----------  --------------  -------------------
/opt/airflow/dags/welcome-dag.py                           0           1  0.11s           2024-03-20T17:49:06
================================================================================
[2024-03-20T17:49:57.526+0000] {manager.py:879} INFO - 
================================================================================
DAG File Processing Stats

File Path                         PID    Runtime      # DAGs    # Errors  Last Runtime    Last Run
--------------------------------  -----  ---------  --------  ----------  --------------  -------------------
/opt/airflow/dags/welcome-dag.py                           1           0  0.21s           2024-03-20T17:49:50
================================================================================
[2024-03-20T17:50:27.686+0000] {manager.py:879} INFO - 
================================================================================
DAG File Processing Stats

File Path                         PID    Runtime      # DAGs    # Errors  Last Runtime    Last Run
--------------------------------  -----  ---------  --------  ----------  --------------  -------------------
/opt/airflow/dags/welcome-dag.py                           1           0  0.20s           2024-03-20T17:50:24
================================================================================
[2024-03-20T17:50:57.771+0000] {manager.py:879} INFO - 
================================================================================
DAG File Processing Stats

File Path                         PID    Runtime      # DAGs    # Errors  Last Runtime    Last Run
--------------------------------  -----  ---------  --------  ----------  --------------  -------------------
/opt/airflow/dags/welcome-dag.py                           1           0  0.31s           2024-03-20T17:50:39
================================================================================
[2024-03-20T17:51:27.974+0000] {manager.py:879} INFO - 
================================================================================
DAG File Processing Stats

File Path                         PID    Runtime      # DAGs    # Errors  Last Runtime    Last Run
--------------------------------  -----  ---------  --------  ----------  --------------  -------------------
/opt/airflow/dags/welcome-dag.py                           1           0  0.31s           2024-03-20T17:51:10
================================================================================
[2024-03-20T17:51:43.498+0000] {manager.py:738} INFO - Searching for files in /opt/airflow/dags
[2024-03-20T17:51:43.512+0000] {manager.py:741} INFO - There are 1 files in /opt/airflow/dags
[2024-03-20T17:51:58.139+0000] {manager.py:879} INFO - 
================================================================================
DAG File Processing Stats

File Path                         PID    Runtime      # DAGs    # Errors  Last Runtime    Last Run
--------------------------------  -----  ---------  --------  ----------  --------------  -------------------
/opt/airflow/dags/welcome-dag.py                           1           0  0.20s           2024-03-20T17:51:41
================================================================================
[2024-03-20T17:52:28.174+0000] {manager.py:879} INFO - 
================================================================================
DAG File Processing Stats

File Path                         PID    Runtime      # DAGs    # Errors  Last Runtime    Last Run
--------------------------------  -----  ---------  --------  ----------  --------------  -------------------
/opt/airflow/dags/welcome-dag.py                           1           0  0.31s           2024-03-20T17:52:20
================================================================================
[2024-03-20T17:52:58.433+0000] {manager.py:879} INFO - 
================================================================================
DAG File Processing Stats

File Path                         PID    Runtime      # DAGs    # Errors  Last Runtime    Last Run
--------------------------------  -----  ---------  --------  ----------  --------------  -------------------
/opt/airflow/dags/welcome-dag.py                           1           0  0.21s           2024-03-20T17:52:50
================================================================================
[2024-03-20T17:53:28.617+0000] {manager.py:879} INFO - 
================================================================================
DAG File Processing Stats

File Path                         PID    Runtime      # DAGs    # Errors  Last Runtime    Last Run
--------------------------------  -----  ---------  --------  ----------  --------------  -------------------
/opt/airflow/dags/welcome-dag.py                           1           0  0.31s           2024-03-20T17:53:00
================================================================================
[2024-03-20T17:53:58.779+0000] {manager.py:879} INFO - 
================================================================================
DAG File Processing Stats

File Path                         PID    Runtime      # DAGs    # Errors  Last Runtime    Last Run
--------------------------------  -----  ---------  --------  ----------  --------------  -------------------
/opt/airflow/dags/welcome-dag.py                           1           0  0.21s           2024-03-20T17:53:32
================================================================================
[2024-03-20T17:54:28.948+0000] {manager.py:879} INFO - 
================================================================================
DAG File Processing Stats

File Path                         PID    Runtime      # DAGs    # Errors  Last Runtime    Last Run
--------------------------------  -----  ---------  --------  ----------  --------------  -------------------
/opt/airflow/dags/welcome-dag.py                           1           0  0.21s           2024-03-20T17:54:03
================================================================================
[2024-03-20T17:54:59.200+0000] {manager.py:879} INFO - 
================================================================================
DAG File Processing Stats

File Path                         PID    Runtime      # DAGs    # Errors  Last Runtime    Last Run
--------------------------------  -----  ---------  --------  ----------  --------------  -------------------
/opt/airflow/dags/welcome-dag.py                           1           0  0.20s           2024-03-20T17:54:33
================================================================================
[2024-03-20T17:55:29.356+0000] {manager.py:879} INFO - 
================================================================================
DAG File Processing Stats

File Path                         PID    Runtime      # DAGs    # Errors  Last Runtime    Last Run
--------------------------------  -----  ---------  --------  ----------  --------------  -------------------
/opt/airflow/dags/welcome-dag.py                           1           0  0.31s           2024-03-20T17:55:04
================================================================================
[2024-03-20T17:56:02.908+0000] {manager.py:879} INFO - 
================================================================================
DAG File Processing Stats

File Path                         PID    Runtime      # DAGs    # Errors  Last Runtime    Last Run
--------------------------------  -----  ---------  --------  ----------  --------------  -------------------
/opt/airflow/dags/welcome-dag.py                           1           0  0.21s           2024-03-20T17:55:34
================================================================================
[2024-03-20T17:56:32.989+0000] {manager.py:879} INFO - 
================================================================================
DAG File Processing Stats

File Path                         PID    Runtime      # DAGs    # Errors  Last Runtime    Last Run
--------------------------------  -----  ---------  --------  ----------  --------------  -------------------
/opt/airflow/dags/welcome-dag.py                           1           0  0.32s           2024-03-20T17:56:05
================================================================================
[2024-03-20T17:56:43.628+0000] {manager.py:738} INFO - Searching for files in /opt/airflow/dags
[2024-03-20T17:56:43.638+0000] {manager.py:741} INFO - There are 1 files in /opt/airflow/dags
[2024-03-20T17:57:03.161+0000] {manager.py:879} INFO - 
================================================================================
DAG File Processing Stats

File Path                         PID    Runtime      # DAGs    # Errors  Last Runtime    Last Run
--------------------------------  -----  ---------  --------  ----------  --------------  -------------------
/opt/airflow/dags/welcome-dag.py                           1           0  0.31s           2024-03-20T17:56:37
================================================================================
[2024-03-20T17:57:33.311+0000] {manager.py:879} INFO - 
================================================================================
DAG File Processing Stats

File Path                         PID    Runtime      # DAGs    # Errors  Last Runtime    Last Run
--------------------------------  -----  ---------  --------  ----------  --------------  -------------------
/opt/airflow/dags/welcome-dag.py                           1           0  0.21s           2024-03-20T17:57:08
================================================================================
[2024-03-20T17:58:03.514+0000] {manager.py:879} INFO - 
================================================================================
DAG File Processing Stats

File Path                         PID    Runtime      # DAGs    # Errors  Last Runtime    Last Run
--------------------------------  -----  ---------  --------  ----------  --------------  -------------------
/opt/airflow/dags/welcome-dag.py                           1           0  0.31s           2024-03-20T17:57:38
================================================================================
[2024-03-20T17:58:33.671+0000] {manager.py:879} INFO - 
================================================================================
DAG File Processing Stats

File Path                         PID    Runtime      # DAGs    # Errors  Last Runtime    Last Run
--------------------------------  -----  ---------  --------  ----------  --------------  -------------------
/opt/airflow/dags/welcome-dag.py                           1           0  0.21s           2024-03-20T17:58:09
================================================================================
[2024-03-20T17:59:04.003+0000] {manager.py:879} INFO - 
================================================================================
DAG File Processing Stats

File Path                         PID    Runtime      # DAGs    # Errors  Last Runtime    Last Run
--------------------------------  -----  ---------  --------  ----------  --------------  -------------------
/opt/airflow/dags/welcome-dag.py                           1           0  0.55s           2024-03-20T17:58:40
================================================================================
[2024-03-20T17:59:34.781+0000] {manager.py:451} INFO - Exiting gracefully upon receiving signal 15
